{"level":"info","message":"DAN API running on http://localhost:3000","timestamp":"2025-03-17T11:25:27.908Z"}
{"level":"error","message":"Blockchain polling failed: fetch failed","timestamp":"2025-03-17T11:25:28.113Z"}
{"level":"info","message":"DAN API running on http://localhost:3000","timestamp":"2025-03-17T11:28:05.636Z"}
{"level":"error","message":"Blockchain polling failed: fetch failed","timestamp":"2025-03-17T11:28:05.688Z"}
{"level":"info","message":"DAN API running on http://localhost:8000","timestamp":"2025-03-17T11:28:38.151Z"}
{"level":"error","message":"Blockchain polling failed: fetch failed","timestamp":"2025-03-17T11:28:38.186Z"}
{"level":"info","message":"DAN API running on http://localhost:8000","timestamp":"2025-03-17T11:32:16.036Z"}
{"level":"info","message":"DAN API running on http://localhost:8000","timestamp":"2025-03-17T11:38:38.605Z"}
{"level":"info","message":"DAN API running on http://localhost:8000","timestamp":"2025-03-17T13:50:14.896Z"}
{"level":"info","message":"DAN API running on http://localhost:8000","timestamp":"2025-03-17T14:21:22.655Z"}
{"level":"info","message":"User registered: YOUR_WALLET_PUBLIC_KEY with wallet YOUR_WALLET_PUBLIC_KEY","timestamp":"2025-03-17T14:25:54.998Z"}
{"level":"info","message":"User registered: 4GK6rjy5EuuLJ4Xo4fuVjtf7LabxVq2QSJDx3rpqMcHv with wallet 4GK6rjy5EuuLJ4Xo4fuVjtf7LabxVq2QSJDx3rpqMcHv","timestamp":"2025-03-17T14:26:26.880Z"}
{"level":"error","message":"Failed to create NPC template: Cannot read properties of undefined (reading 'kind')","timestamp":"2025-03-17T14:28:48.722Z"}
{"level":"info","message":"DAN API running on http://localhost:8000","timestamp":"2025-03-17T14:36:22.795Z"}
{"level":"info","message":"User registered: 4GK6rjy5EuuLJ4Xo4fuVjtf7LabxVq2QSJDx3rpqMcHv with wallet 4GK6rjy5EuuLJ4Xo4fuVjtf7LabxVq2QSJDx3rpqMcHv","timestamp":"2025-03-17T14:36:51.738Z"}
{"level":"error","message":"Failed to create NPC template: Cannot read properties of undefined (reading 'kind')","timestamp":"2025-03-17T14:36:55.912Z"}
{"level":"info","message":"Running periodic channel closure","timestamp":"2025-03-17T15:13:50.213Z"}
{"level":"error","message":"Blockchain polling failed: fetch failed","timestamp":"2025-03-17T15:26:10.631Z"}
{"level":"info","message":"DAN API running on http://localhost:8000","timestamp":"2025-03-17T15:46:31.140Z"}
{"level":"info","message":"DAN API running on http://localhost:8000","timestamp":"2025-03-17T15:48:37.792Z"}
{"level":"info","message":"DAN API running on http://localhost:8000","timestamp":"2025-03-17T15:59:49.095Z"}
{"level":"info","message":"DAN API running on http://localhost:8000","timestamp":"2025-03-18T10:48:53.316Z"}
{"level":"info","message":"User registered: 4GK6rjy5EuuLJ4Xo4fuVjtf7LabxVq2QSJDx3rpqMcHv with wallet 4GK6rjy5EuuLJ4Xo4fuVjtf7LabxVq2QSJDx3rpqMcHv","timestamp":"2025-03-18T10:50:55.157Z"}
